TpTrace Verbose: 0 : 23248, 1, 2021/09/25, 14:13:24.010, 4468331050078, datacollector.dll, Version: 16.10.0-release-20210520-03
TpTrace Information: 0 : 23248, 1, 2021/09/25, 14:13:24.012, 4468331071319, datacollector.dll, DataCollectorMain.Run: Starting data collector run with args: --port,64080,--parentprocessid,18236,--diag,D:\IsmaPCBlanco\Documentos\ISMA\Semestre 2021-2\Dise単o dirigido por pruebas\Proyectos\Parcial\ProductoSolution\PostParcial\PostParcial\PostParcial\bin\Debug\net5.0\fine-code-coverage\coverage-tool-output\diagnostics.datacollector.21-09-25_14-13-23_92469_4.log,--tracelevel,4
TpTrace Information: 0 : 23248, 1, 2021/09/25, 14:13:24.013, 4468331073793, datacollector.dll, DataCollector: Monitoring parent process with id: '18236'
TpTrace Information: 0 : 23248, 1, 2021/09/25, 14:13:24.019, 4468331136400, datacollector.dll, Trying to connect to server on socket : 127.0.0.1:64080 
TpTrace Verbose: 0 : 23248, 1, 2021/09/25, 14:13:24.037, 4468331319151, datacollector.dll, SocketCommunicationManager : SetupClientAsync : Attempting to connect to the server.
TpTrace Information: 0 : 23248, 7, 2021/09/25, 14:13:24.043, 4468331377495, datacollector.dll, Connected to the server successfully 
TpTrace Information: 0 : 23248, 7, 2021/09/25, 14:13:24.043, 4468331378121, datacollector.dll, Using the buffer size of 16384 bytes
TpTrace Information: 0 : 23248, 1, 2021/09/25, 14:13:24.092, 4468331864334, datacollector.dll, DataCollector: Start Request Processing.
TpTrace Information: 0 : 23248, 1, 2021/09/25, 14:13:24.094, 4468331890482, datacollector.dll, DataCollectionRequestHandler.ProcessRequests : Datacollector received message: (DataCollection.BeforeTestRunStart) -> {
  "SettingsXml": "<RunSettings><RunConfiguration><ResultsDirectory>D:\\IsmaPCBlanco\\Documentos\\ISMA\\Semestre 2021-2\\Dise単o dirigido por pruebas\\Proyectos\\Parcial\\ProductoSolution\\PostParcial\\PostParcial\\PostParcial\\bin\\Debug\\net5.0\\fine-code-coverage\\coverage-tool-output</ResultsDirectory><TargetPlatform>X64</TargetPlatform><TargetFrameworkVersion>.NETCoreApp,Version=v5.0</TargetFrameworkVersion><DesignMode>False</DesignMode><CollectSourceInformation>False</CollectSourceInformation><TestAdaptersPaths>C:\\Program Files\\dotnet\\sdk\\5.0.301\\Extensions</TestAdaptersPaths></RunConfiguration><LoggerRunSettings><Loggers><Logger friendlyName=\"blame\" enabled=\"True\" /><Logger friendlyName=\"Console\" uri=\"logger://microsoft/TestPlatform/ConsoleLogger/v1\" assemblyQualifiedName=\"Microsoft.VisualStudio.TestPlatform.CommandLine.Internal.ConsoleLogger, vstest.console, Version=15.0.0.0, Culture=neutral, PublicKeyToken=b03f5f7f11d50a3a\" codeBase=\"C:\\Program Files\\dotnet\\sdk\\5.0.301\\vstest.console.dll\" enabled=\"True\" /></Loggers></LoggerRunSettings><DataCollectionRunSettings><DataCollectors><DataCollector friendlyName=\"blame\" enabled=\"True\"><Configuration><ResultsDirectory>D:\\IsmaPCBlanco\\Documentos\\ISMA\\Semestre 2021-2\\Dise単o dirigido por pruebas\\Proyectos\\Parcial\\ProductoSolution\\PostParcial\\PostParcial\\PostParcial\\bin\\Debug\\net5.0\\fine-code-coverage\\coverage-tool-output</ResultsDirectory></Configuration></DataCollector></DataCollectors></DataCollectionRunSettings></RunSettings>",
  "Sources": [
    "D:\\IsmaPCBlanco\\Documentos\\ISMA\\Semestre 2021-2\\Dise単o dirigido por pruebas\\Proyectos\\Parcial\\ProductoSolution\\PostParcial\\PostParcial\\PostParcial\\bin\\Debug\\net5.0\\fine-code-coverage\\build-output\\PostParcial.dll"
  ],
  "IsTelemetryOptedIn": false
}
TpTrace Verbose: 0 : 23248, 1, 2021/09/25, 14:13:24.119, 4468332140798, datacollector.dll, TestPluginCache: Update extensions started. Skip filter = False
TpTrace Verbose: 0 : 23248, 1, 2021/09/25, 14:13:24.120, 4468332146348, datacollector.dll, TestPluginCache: Using directories for assembly resolution 'C:\Program Files\dotnet\sdk\5.0.301\Extensions'.
TpTrace Verbose: 0 : 23248, 1, 2021/09/25, 14:13:24.120, 4468332146879, datacollector.dll, TestPluginCache: Updated the available extensions to 'C:\Program Files\dotnet\sdk\5.0.301\Extensions\Microsoft.TestPlatform.Extensions.BlameDataCollector.dll,C:\Program Files\dotnet\sdk\5.0.301\Extensions\Microsoft.TestPlatform.Extensions.EventLogCollector.dll'.
TpTrace Verbose: 0 : 23248, 1, 2021/09/25, 14:13:24.125, 4468332194093, datacollector.dll, TestPluginCache.DiscoverTestExtensions: finding test extensions in assemblies ends with: Collector.dll TPluginInfo: Microsoft.VisualStudio.TestPlatform.Common.DataCollector.DataCollectorConfig TExtension: Microsoft.VisualStudio.TestPlatform.ObjectModel.DataCollection.DataCollector
TpTrace Verbose: 0 : 23248, 1, 2021/09/25, 14:13:24.125, 4468332195631, datacollector.dll, TestPluginCache.GetExtensionPaths: Filtered extension paths: C:\Program Files\dotnet\sdk\5.0.301\Extensions\Microsoft.TestPlatform.Extensions.BlameDataCollector.dll
C:\Program Files\dotnet\sdk\5.0.301\Extensions\Microsoft.TestPlatform.Extensions.EventLogCollector.dll
TpTrace Verbose: 0 : 23248, 1, 2021/09/25, 14:13:24.125, 4468332195915, datacollector.dll, TestPluginCache.GetExtensionPaths: Added default extension paths: 
TpTrace Verbose: 0 : 23248, 1, 2021/09/25, 14:13:24.125, 4468332196066, datacollector.dll, TestPluginCache.GetExtensionPaths: Added unfilterableExtensionPaths: 
TpTrace Information: 0 : 23248, 1, 2021/09/25, 14:13:24.125, 4468332201007, datacollector.dll, AssemblyResolver.ctor: Creating AssemblyResolver with searchDirectories C:\Program Files\dotnet\sdk\5.0.301\Extensions,C:\Program Files\dotnet\sdk\5.0.301
TpTrace Verbose: 0 : 23248, 1, 2021/09/25, 14:13:24.126, 4468332211139, datacollector.dll, TestPluginCache.DiscoverTestExtensions: Discovering the extensions using extension path.
TpTrace Verbose: 0 : 23248, 1, 2021/09/25, 14:13:24.126, 4468332212389, datacollector.dll, TestPluginCache.GetExtensionPaths: Filtered extension paths: C:\Program Files\dotnet\sdk\5.0.301\Extensions\Microsoft.TestPlatform.Extensions.BlameDataCollector.dll
C:\Program Files\dotnet\sdk\5.0.301\Extensions\Microsoft.TestPlatform.Extensions.EventLogCollector.dll
TpTrace Verbose: 0 : 23248, 1, 2021/09/25, 14:13:24.126, 4468332212639, datacollector.dll, TestPluginCache.GetExtensionPaths: Added default extension paths: 
TpTrace Verbose: 0 : 23248, 1, 2021/09/25, 14:13:24.126, 4468332212786, datacollector.dll, TestPluginCache.GetExtensionPaths: Added unfilterableExtensionPaths: 
TpTrace Verbose: 0 : 23248, 1, 2021/09/25, 14:13:24.126, 4468332213104, datacollector.dll, TestPluginCache.DiscoverTestExtensions: Discovering the extensions using allExtensionPaths: C:\Program Files\dotnet\sdk\5.0.301\Extensions\Microsoft.TestPlatform.Extensions.BlameDataCollector.dll
C:\Program Files\dotnet\sdk\5.0.301\Extensions\Microsoft.TestPlatform.Extensions.EventLogCollector.dll
TpTrace Information: 0 : 23248, 1, 2021/09/25, 14:13:24.127, 4468332213769, datacollector.dll, AssemblyResolver.AddSearchDirectories: Adding more searchDirectories C:\Program Files\dotnet\sdk\5.0.301\Extensions,C:\Program Files\dotnet\sdk\5.0.301
TpTrace Information: 0 : 23248, 1, 2021/09/25, 14:13:24.127, 4468332214109, datacollector.dll, AssemblyResolver.AddSearchDirectories: Adding more searchDirectories C:\Program Files\dotnet\sdk\5.0.301\Extensions,C:\Program Files\dotnet\sdk\5.0.301
TpTrace Information: 0 : 23248, 1, 2021/09/25, 14:13:24.127, 4468332217040, datacollector.dll, AssemblyResolver.OnResolve: Microsoft.TestPlatform.Extensions.BlameDataCollector: Resolving assembly.
TpTrace Information: 0 : 23248, 1, 2021/09/25, 14:13:24.127, 4468332217456, datacollector.dll, AssemblyResolver.OnResolve: Microsoft.TestPlatform.Extensions.BlameDataCollector: Searching in: 'C:\Program Files\dotnet\sdk\5.0.301\Extensions'.
TpTrace Information: 0 : 23248, 1, 2021/09/25, 14:13:24.127, 4468332222691, datacollector.dll, AssemblyResolver.OnResolve: Microsoft.TestPlatform.Extensions.BlameDataCollector: Loading assembly 'C:\Program Files\dotnet\sdk\5.0.301\Extensions\Microsoft.TestPlatform.Extensions.BlameDataCollector.dll'.
TpTrace Information: 0 : 23248, 1, 2021/09/25, 14:13:24.128, 4468332227918, datacollector.dll, AssemblyResolver.OnResolve: Resolved assembly: Microsoft.TestPlatform.Extensions.BlameDataCollector, from path: C:\Program Files\dotnet\sdk\5.0.301\Extensions\Microsoft.TestPlatform.Extensions.BlameDataCollector.dll
TpTrace Error: 0 : 23248, 1, 2021/09/25, 14:13:24.129, 4468332236723, datacollector.dll, The type "Microsoft.TestPlatform.Extensions.BlameDataCollector.BlameCollector" defined in "Microsoft.TestPlatform.Extensions.BlameDataCollector.dll" does not have ExtensionUri attribute.
TpTrace Information: 0 : 23248, 1, 2021/09/25, 14:13:24.130, 4468332247618, datacollector.dll, AssemblyResolver.OnResolve: Microsoft.TestPlatform.Extensions.EventLogCollector: Resolving assembly.
TpTrace Information: 0 : 23248, 1, 2021/09/25, 14:13:24.130, 4468332248147, datacollector.dll, AssemblyResolver.OnResolve: Microsoft.TestPlatform.Extensions.EventLogCollector: Searching in: 'C:\Program Files\dotnet\sdk\5.0.301\Extensions'.
TpTrace Information: 0 : 23248, 1, 2021/09/25, 14:13:24.130, 4468332252587, datacollector.dll, AssemblyResolver.OnResolve: Microsoft.TestPlatform.Extensions.EventLogCollector: Loading assembly 'C:\Program Files\dotnet\sdk\5.0.301\Extensions\Microsoft.TestPlatform.Extensions.EventLogCollector.dll'.
TpTrace Information: 0 : 23248, 1, 2021/09/25, 14:13:24.131, 4468332256058, datacollector.dll, AssemblyResolver.OnResolve: Resolved assembly: Microsoft.TestPlatform.Extensions.EventLogCollector, from path: C:\Program Files\dotnet\sdk\5.0.301\Extensions\Microsoft.TestPlatform.Extensions.EventLogCollector.dll
TpTrace Error: 0 : 23248, 1, 2021/09/25, 14:13:24.132, 4468332269620, datacollector.dll, The type "Microsoft.TestPlatform.Extensions.EventLogCollector.EventLogDataCollector" defined in "Microsoft.TestPlatform.Extensions.EventLogCollector.dll" does not have ExtensionUri attribute.
TpTrace Verbose: 0 : 23248, 1, 2021/09/25, 14:13:24.132, 4468332272283, datacollector.dll, TestPluginCache: Discovered the extensions using extension path 'C:\Program Files\dotnet\sdk\5.0.301\Extensions\Microsoft.TestPlatform.Extensions.BlameDataCollector.dll,C:\Program Files\dotnet\sdk\5.0.301\Extensions\Microsoft.TestPlatform.Extensions.EventLogCollector.dll'.
TpTrace Verbose: 0 : 23248, 1, 2021/09/25, 14:13:24.132, 4468332272652, datacollector.dll, TestPluginCache: Discoverers are ''.
TpTrace Verbose: 0 : 23248, 1, 2021/09/25, 14:13:24.132, 4468332272807, datacollector.dll, TestPluginCache: Executors are ''.
TpTrace Verbose: 0 : 23248, 1, 2021/09/25, 14:13:24.132, 4468332272945, datacollector.dll, TestPluginCache: Executors2 are ''.
TpTrace Verbose: 0 : 23248, 1, 2021/09/25, 14:13:24.132, 4468332273080, datacollector.dll, TestPluginCache: Setting providers are ''.
TpTrace Verbose: 0 : 23248, 1, 2021/09/25, 14:13:24.132, 4468332273215, datacollector.dll, TestPluginCache: Loggers are ''.
TpTrace Information: 0 : 23248, 1, 2021/09/25, 14:13:24.133, 4468332281603, datacollector.dll, TestPluginManager.CreateTestExtension: Attempting to load test extension: Microsoft.TestPlatform.Extensions.BlameDataCollector.BlameCollector
TpTrace Error: 0 : 23248, 1, 2021/09/25, 14:13:24.134, 4468332285058, datacollector.dll, The type "Microsoft.TestPlatform.Extensions.BlameDataCollector.BlameCollector" defined in "Microsoft.TestPlatform.Extensions.BlameDataCollector.dll" does not have ExtensionUri attribute.
TpTrace Information: 0 : 23248, 1, 2021/09/25, 14:13:24.138, 4468332331490, datacollector.dll, Listening on Endpoint : 127.0.0.1:64082
TpTrace Information: 0 : 23248, 1, 2021/09/25, 14:13:24.144, 4468332386441, datacollector.dll, DataCollectionRequestHandler.ProcessRequests : DataCollection started.
TpTrace Information: 0 : 23248, 1, 2021/09/25, 14:13:24.155, 4468332498504, datacollector.dll, DataCollectionRequestHandler.ProcessRequests : Datacollector received message: (DataCollection.TestHostLaunched) -> {
  "ProcessId": 8944
}
TpTrace Information: 0 : 23248, 5, 2021/09/25, 14:13:24.286, 4468333804704, datacollector.dll, Using the buffer size of 16384 bytes
TpTrace Information: 0 : 23248, 5, 2021/09/25, 14:13:24.286, 4468333805416, datacollector.dll, Accepted Client request and set the flag
TpTrace Information: 0 : 23248, 7, 2021/09/25, 14:13:24.705, 4468337997940, datacollector.dll, DataCollectionTestCaseEventHandler: Test case starting.
TpTrace Information: 0 : 23248, 7, 2021/09/25, 14:13:24.714, 4468338086988, datacollector.dll, Blame Collector : Test Case Start
TpTrace Information: 0 : 23248, 7, 2021/09/25, 14:13:24.716, 4468338106360, datacollector.dll, DataCollectionTestCaseEventHandler: Test case 'NoPuedeIngresarCantidadProductosDeMenosUno - 3c1a2331-6e19-9e98-0345-fd57dc6b1b9a' started.
TpTrace Information: 0 : 23248, 7, 2021/09/25, 14:13:24.728, 4468338225228, datacollector.dll, DataCollectionTestCaseEventHandler : Test case completing.
TpTrace Information: 0 : 23248, 7, 2021/09/25, 14:13:24.730, 4468338251419, datacollector.dll, Blame Collector : Test Case End
TpTrace Information: 0 : 23248, 7, 2021/09/25, 14:13:24.733, 4468338278959, datacollector.dll, DataCollectionTestCaseEventHandler: Test case 'NoPuedeIngresarCantidadProductosDeMenosUno - 3c1a2331-6e19-9e98-0345-fd57dc6b1b9a' completed
TpTrace Information: 0 : 23248, 7, 2021/09/25, 14:13:24.741, 4468338358030, datacollector.dll, DataCollectionTestCaseEventHandler: Test case starting.
TpTrace Information: 0 : 23248, 7, 2021/09/25, 14:13:24.741, 4468338360355, datacollector.dll, Blame Collector : Test Case Start
TpTrace Information: 0 : 23248, 7, 2021/09/25, 14:13:24.741, 4468338361290, datacollector.dll, DataCollectionTestCaseEventHandler: Test case 'NoPuedeVenderCantidadProductosDeMenosUno - 90a77c59-56ab-2873-a298-0f7359898f11' started.
TpTrace Information: 0 : 23248, 7, 2021/09/25, 14:13:24.742, 4468338366676, datacollector.dll, DataCollectionTestCaseEventHandler : Test case completing.
TpTrace Information: 0 : 23248, 7, 2021/09/25, 14:13:24.742, 4468338368267, datacollector.dll, Blame Collector : Test Case End
TpTrace Information: 0 : 23248, 7, 2021/09/25, 14:13:24.742, 4468338369238, datacollector.dll, DataCollectionTestCaseEventHandler: Test case 'NoPuedeVenderCantidadProductosDeMenosUno - 90a77c59-56ab-2873-a298-0f7359898f11' completed
TpTrace Information: 0 : 23248, 7, 2021/09/25, 14:13:24.743, 4468338373590, datacollector.dll, DataCollectionTestCaseEventHandler: Test case starting.
TpTrace Information: 0 : 23248, 7, 2021/09/25, 14:13:24.743, 4468338375053, datacollector.dll, Blame Collector : Test Case Start
TpTrace Information: 0 : 23248, 7, 2021/09/25, 14:13:24.743, 4468338375578, datacollector.dll, DataCollectionTestCaseEventHandler: Test case 'PuedeIngresarCantidadProductosCincuentaCorrecta - 675570ab-a4c1-9d19-2865-54b7d373d7c0' started.
TpTrace Information: 0 : 23248, 7, 2021/09/25, 14:13:24.743, 4468338378979, datacollector.dll, DataCollectionTestCaseEventHandler : Test case completing.
TpTrace Information: 0 : 23248, 7, 2021/09/25, 14:13:24.743, 4468338380330, datacollector.dll, Blame Collector : Test Case End
TpTrace Information: 0 : 23248, 7, 2021/09/25, 14:13:24.743, 4468338380934, datacollector.dll, DataCollectionTestCaseEventHandler: Test case 'PuedeIngresarCantidadProductosCincuentaCorrecta - 675570ab-a4c1-9d19-2865-54b7d373d7c0' completed
TpTrace Information: 0 : 23248, 7, 2021/09/25, 14:13:24.744, 4468338384281, datacollector.dll, DataCollectionTestCaseEventHandler: Test case starting.
TpTrace Information: 0 : 23248, 7, 2021/09/25, 14:13:24.744, 4468338385430, datacollector.dll, Blame Collector : Test Case Start
TpTrace Information: 0 : 23248, 7, 2021/09/25, 14:13:24.744, 4468338391752, datacollector.dll, DataCollectionTestCaseEventHandler: Test case 'PuedeVenderCantidadProductoCompuestoCorrecta - cb845b42-d82a-903f-cb2b-b94ab0a5ae70' started.
TpTrace Information: 0 : 23248, 7, 2021/09/25, 14:13:24.746, 4468338407993, datacollector.dll, DataCollectionTestCaseEventHandler : Test case completing.
TpTrace Information: 0 : 23248, 7, 2021/09/25, 14:13:24.746, 4468338409932, datacollector.dll, Blame Collector : Test Case End
TpTrace Information: 0 : 23248, 7, 2021/09/25, 14:13:24.746, 4468338410672, datacollector.dll, DataCollectionTestCaseEventHandler: Test case 'PuedeVenderCantidadProductoCompuestoCorrecta - cb845b42-d82a-903f-cb2b-b94ab0a5ae70' completed
TpTrace Information: 0 : 23248, 7, 2021/09/25, 14:13:24.747, 4468338414642, datacollector.dll, DataCollectionTestCaseEventHandler: Test case starting.
TpTrace Information: 0 : 23248, 7, 2021/09/25, 14:13:24.747, 4468338416054, datacollector.dll, Blame Collector : Test Case Start
TpTrace Information: 0 : 23248, 7, 2021/09/25, 14:13:24.747, 4468338416613, datacollector.dll, DataCollectionTestCaseEventHandler: Test case 'PuedeVenderCantidadProductoSencilloCorrecta - b3c2edba-2460-b885-9dfa-628adbad1693' started.
TpTrace Information: 0 : 23248, 7, 2021/09/25, 14:13:24.747, 4468338420996, datacollector.dll, DataCollectionTestCaseEventHandler : Test case completing.
TpTrace Information: 0 : 23248, 7, 2021/09/25, 14:13:24.747, 4468338422240, datacollector.dll, Blame Collector : Test Case End
TpTrace Information: 0 : 23248, 7, 2021/09/25, 14:13:24.747, 4468338422843, datacollector.dll, DataCollectionTestCaseEventHandler: Test case 'PuedeVenderCantidadProductoSencilloCorrecta - b3c2edba-2460-b885-9dfa-628adbad1693' completed
TpTrace Information: 0 : 23248, 7, 2021/09/25, 14:13:24.756, 4468338505868, datacollector.dll, DataCollectionTestCaseEventHandler: Test session ended
TpTrace Information: 0 : 23248, 1, 2021/09/25, 14:13:24.822, 4468339165108, datacollector.dll, DataCollectionRequestHandler.ProcessRequests : Datacollector received message: (DataCollection.AfterTestRunEnd) -> false
TpTrace Information: 0 : 23248, 1, 2021/09/25, 14:13:24.822, 4468339171496, datacollector.dll, Blame Collector : Session End
TpTrace Information: 0 : 23248, 1, 2021/09/25, 14:13:24.822, 4468339172035, datacollector.dll, BlameCollector.CollectDumpAndAbortTesthost: Custom path to dump directory was provided via VSTEST_DUMP_PATH. Skipping attachment upload, the caller is responsible for collecting and uploading the dumps themselves.
TpTrace Information: 0 : 23248, 1, 2021/09/25, 14:13:24.822, 4468339172766, datacollector.dll, DataCollectionManager.CleanupPlugins: CleanupPlugins called
TpTrace Verbose: 0 : 23248, 1, 2021/09/25, 14:13:24.822, 4468339172967, datacollector.dll, DataCollectionManager.CleanupPlugins: Cleaning up 1 plugins
TpTrace Verbose: 0 : 23248, 1, 2021/09/25, 14:13:24.823, 4468339173613, datacollector.dll, dataCollectorInfo.DisposeDataCollector: calling Dispose() on Microsoft.TestPlatform.Extensions.BlameDataCollector.BlameCollector
TpTrace Information: 0 : 23248, 1, 2021/09/25, 14:13:24.823, 4468339174074, datacollector.dll, DataCollectionManager.CleanupPlugins: CleanupPlugins finished
TpTrace Information: 0 : 23248, 1, 2021/09/25, 14:13:24.824, 4468339193137, datacollector.dll, DataCollectionRequestHandler.ProcessRequests : Session End message received from server. Closing the connection.
TpTrace Information: 0 : 23248, 1, 2021/09/25, 14:13:24.825, 4468339194443, datacollector.dll, Closing the connection !
TpTrace Information: 0 : 23248, 1, 2021/09/25, 14:13:24.825, 4468339194686, datacollector.dll, DataCollectionRequestHandler.ProcessRequests : DataCollection completed
TpTrace Information: 0 : 23248, 1, 2021/09/25, 14:13:24.825, 4468339194853, datacollector.dll, Program.Main: exiting datacollector process.
