TpTrace Verbose: 0 : 8944, 1, 2021/09/25, 14:13:24.255, 4468333501115, testhost.dll, Version: 16.9.4
TpTrace Information: 0 : 8944, 1, 2021/09/25, 14:13:24.259, 4468333536345, testhost.dll, DefaultEngineInvoker.Invoke: Testhost process started with args :[--port, 64083],[--endpoint, 127.0.0.1:064083],[--role, client],[--parentprocessid, 18236],[--diag, D:\IsmaPCBlanco\Documentos\ISMA\Semestre 2021-2\Diseño dirigido por pruebas\Proyectos\Parcial\ProductoSolution\PostParcial\PostParcial\PostParcial\bin\Debug\net5.0\fine-code-coverage\coverage-tool-output\diagnostics.host.21-09-25_14-13-24_14999_4.log],[--tracelevel, 4],[--datacollectionport, 64082],[--telemetryoptedin, false]
TpTrace Information: 0 : 8944, 1, 2021/09/25, 14:13:24.260, 4468333552781, testhost.dll, Setting up debug trace listener.
TpTrace Verbose: 0 : 8944, 1, 2021/09/25, 14:13:24.261, 4468333554467, testhost.dll, TestPlatformTraceListener.Setup: Replacing listener 0 with TestHostTraceListener.
TpTrace Verbose: 0 : 8944, 1, 2021/09/25, 14:13:24.261, 4468333554782, testhost.dll, TestPlatformTraceListener.Setup: Added test platform trace listener.
TpTrace Information: 0 : 8944, 1, 2021/09/25, 14:13:24.261, 4468333558190, testhost.dll, DefaultEngineInvoker.SetParentProcessExitCallback: Monitoring parent process with id: '18236'
TpTrace Information: 0 : 8944, 1, 2021/09/25, 14:13:24.266, 4468333604707, testhost.dll, DefaultEngineInvoker.GetConnectionInfo: Initialize communication on endpoint address: '127.0.0.1:064083'
TpTrace Information: 0 : 8944, 1, 2021/09/25, 14:13:24.276, 4468333705191, testhost.dll, SocketClient.Start: connecting to server endpoint: 127.0.0.1:064083
TpTrace Information: 0 : 8944, 1, 2021/09/25, 14:13:24.281, 4468333762117, testhost.dll, DefaultEngineInvoker.ConnectToDatacollector: Connecting to datacollector, port: 64082
TpTrace Information: 0 : 8944, 8, 2021/09/25, 14:13:24.282, 4468333767863, testhost.dll, SocketClient.OnServerConnected: connected to server endpoint: 127.0.0.1:064083
TpTrace Verbose: 0 : 8944, 8, 2021/09/25, 14:13:24.283, 4468333779712, testhost.dll, Connected to server, and starting MessageLoopAsync
TpTrace Information: 0 : 8944, 1, 2021/09/25, 14:13:24.284, 4468333784255, testhost.dll, Trying to connect to server on socket : 127.0.0.1:64082 
TpTrace Verbose: 0 : 8944, 1, 2021/09/25, 14:13:24.284, 4468333786430, testhost.dll, SocketCommunicationManager : SetupClientAsync : Attempting to connect to the server.
TpTrace Information: 0 : 8944, 10, 2021/09/25, 14:13:24.285, 4468333796490, testhost.dll, Connected to the server successfully 
TpTrace Information: 0 : 8944, 10, 2021/09/25, 14:13:24.285, 4468333797003, testhost.dll, Using the buffer size of 16384 bytes
TpTrace Verbose: 0 : 8944, 8, 2021/09/25, 14:13:24.285, 4468333797384, testhost.dll, TcpClientExtensions.MessageLoopAsync: Polling on remoteEndPoint: [::ffff:127.0.0.1]:64083 localEndPoint: [::ffff:127.0.0.1]:64084
TpTrace Verbose: 0 : 8944, 8, 2021/09/25, 14:13:24.285, 4468333799572, testhost.dll, TcpClientExtensions.MessageLoopAsync: NotifyDataAvailable remoteEndPoint: [::ffff:127.0.0.1]:64083 localEndPoint: [::ffff:127.0.0.1]:64084
TpTrace Information: 0 : 8944, 1, 2021/09/25, 14:13:24.285, 4468333800433, testhost.dll, DefaultEngineInvoker.Invoke: Start Request Processing.
TpTrace Information: 0 : 8944, 11, 2021/09/25, 14:13:24.286, 4468333806759, testhost.dll, DefaultEngineInvoker.StartProcessingAsync: Connected to vstest.console, Starting process requests.
TpTrace Information: 0 : 8944, 8, 2021/09/25, 14:13:24.371, 4468334653606, testhost.dll, TestRequestHandler.ProcessRequests: received message: (ProtocolVersion) -> 5
TpTrace Verbose: 0 : 8944, 8, 2021/09/25, 14:13:24.403, 4468334975504, testhost.dll, TestRequestHandler.SendData:  sending data from testhost: {"Version":5,"MessageType":"TestSession.Message","Payload":{"MessageLevel":0,"Message":"Registrando diagnóstico de TestHost en el archivo: D:\\IsmaPCBlanco\\Documentos\\ISMA\\Semestre 2021-2\\Diseño dirigido por pruebas\\Proyectos\\Parcial\\ProductoSolution\\PostParcial\\PostParcial\\PostParcial\\bin\\Debug\\net5.0\\fine-code-coverage\\coverage-tool-output\\diagnostics.host.21-09-25_14-13-24_14999_4.log"}}
TpTrace Verbose: 0 : 8944, 8, 2021/09/25, 14:13:24.403, 4468334980341, testhost.dll, TcpClientExtensions.MessageLoopAsync: Polling on remoteEndPoint: [::ffff:127.0.0.1]:64083 localEndPoint: [::ffff:127.0.0.1]:64084
TpTrace Verbose: 0 : 8944, 8, 2021/09/25, 14:13:24.403, 4468334980931, testhost.dll, TcpClientExtensions.MessageLoopAsync: NotifyDataAvailable remoteEndPoint: [::ffff:127.0.0.1]:64083 localEndPoint: [::ffff:127.0.0.1]:64084
TpTrace Information: 0 : 8944, 8, 2021/09/25, 14:13:24.406, 4468335013033, testhost.dll, TestRequestHandler.ProcessRequests: received message: (TestExecution.Initialize) -> [
  "D:\\IsmaPCBlanco\\Documentos\\ISMA\\Semestre 2021-2\\Diseño dirigido por pruebas\\Proyectos\\Parcial\\ProductoSolution\\PostParcial\\PostParcial\\PostParcial\\bin\\Debug\\net5.0\\fine-code-coverage\\build-output\\NUnit3.TestAdapter.dll"
]
TpTrace Information: 0 : 8944, 8, 2021/09/25, 14:13:24.407, 4468335014117, testhost.dll, Execution Session Initialize.
TpTrace Verbose: 0 : 8944, 8, 2021/09/25, 14:13:24.413, 4468335073446, testhost.dll, TcpClientExtensions.MessageLoopAsync: Polling on remoteEndPoint: [::ffff:127.0.0.1]:64083 localEndPoint: [::ffff:127.0.0.1]:64084
TpTrace Verbose: 0 : 8944, 8, 2021/09/25, 14:13:24.413, 4468335074445, testhost.dll, TcpClientExtensions.MessageLoopAsync: NotifyDataAvailable remoteEndPoint: [::ffff:127.0.0.1]:64083 localEndPoint: [::ffff:127.0.0.1]:64084
TpTrace Verbose: 0 : 8944, 4, 2021/09/25, 14:13:24.415, 4468335097693, testhost.dll, TestExecutorService: Loading the extensions
TpTrace Information: 0 : 8944, 8, 2021/09/25, 14:13:24.415, 4468335101814, testhost.dll, TestRequestHandler.ProcessRequests: received message: (TestExecution.StartWithSources) -> {
  "AdapterSourceMap": {
    "_none_": [
      "D:\\IsmaPCBlanco\\Documentos\\ISMA\\Semestre 2021-2\\Diseño dirigido por pruebas\\Proyectos\\Parcial\\ProductoSolution\\PostParcial\\PostParcial\\PostParcial\\bin\\Debug\\net5.0\\fine-code-coverage\\build-output\\PostParcial.dll"
    ]
  },
  "RunSettings": "<RunSettings>\r\n  <RunConfiguration>\r\n    <ResultsDirectory>D:\\IsmaPCBlanco\\Documentos\\ISMA\\Semestre 2021-2\\Diseño dirigido por pruebas\\Proyectos\\Parcial\\ProductoSolution\\PostParcial\\PostParcial\\PostParcial\\bin\\Debug\\net5.0\\fine-code-coverage\\coverage-tool-output</ResultsDirectory>\r\n    <TargetPlatform>X64</TargetPlatform>\r\n    <TargetFrameworkVersion>.NETCoreApp,Version=v5.0</TargetFrameworkVersion>\r\n    <DesignMode>False</DesignMode>\r\n    <CollectSourceInformation>False</CollectSourceInformation>\r\n  </RunConfiguration>\r\n  <LoggerRunSettings>\r\n    <Loggers>\r\n      <Logger friendlyName=\"blame\" enabled=\"True\" />\r\n      <Logger friendlyName=\"Console\" uri=\"logger://microsoft/TestPlatform/ConsoleLogger/v1\" assemblyQualifiedName=\"Microsoft.VisualStudio.TestPlatform.CommandLine.Internal.ConsoleLogger, vstest.console, Version=15.0.0.0, Culture=neutral, PublicKeyToken=b03f5f7f11d50a3a\" codeBase=\"C:\\Program Files\\dotnet\\sdk\\5.0.301\\vstest.console.dll\" enabled=\"True\" />\r\n    </Loggers>\r\n  </LoggerRunSettings>\r\n  <DataCollectionRunSettings>\r\n    <DataCollectors>\r\n      <DataCollector friendlyName=\"blame\" enabled=\"True\">\r\n        <Configuration>\r\n          <ResultsDirectory>D:\\IsmaPCBlanco\\Documentos\\ISMA\\Semestre 2021-2\\Diseño dirigido por pruebas\\Proyectos\\Parcial\\ProductoSolution\\PostParcial\\PostParcial\\PostParcial\\bin\\Debug\\net5.0\\fine-code-coverage\\coverage-tool-output</ResultsDirectory>\r\n        </Configuration>\r\n      </DataCollector>\r\n    </DataCollectors>\r\n  </DataCollectionRunSettings>\r\n</RunSettings>",
  "TestExecutionContext": {
    "FrequencyOfRunStatsChangeEvent": 10,
    "RunStatsChangeEventTimeout": "00:00:01.5000000",
    "InIsolation": false,
    "KeepAlive": false,
    "AreTestCaseLevelEventsRequired": false,
    "IsDebug": false,
    "TestCaseFilter": null,
    "FilterOptions": null
  },
  "Package": null
}
TpTrace Information: 0 : 8944, 8, 2021/09/25, 14:13:24.416, 4468335107532, testhost.dll, Execution started.
TpTrace Verbose: 0 : 8944, 4, 2021/09/25, 14:13:24.417, 4468335120230, testhost.dll, TestPluginCache.DiscoverTestExtensions: finding test extensions in assemblies ends with: TestAdapter.dll TPluginInfo: Microsoft.VisualStudio.TestPlatform.Common.ExtensionFramework.Utilities.TestExecutorPluginInformation TExtension: Microsoft.VisualStudio.TestPlatform.ObjectModel.Adapter.ITestExecutor
TpTrace Verbose: 0 : 8944, 4, 2021/09/25, 14:13:24.418, 4468335128519, testhost.dll, TestPluginCache.GetExtensionPaths: Filtered extension paths: 
TpTrace Verbose: 0 : 8944, 4, 2021/09/25, 14:13:24.418, 4468335131859, testhost.dll, TestPluginCache.GetExtensionPaths: Added default extension paths: D:\IsmaPCBlanco\Documentos\ISMA\Semestre 2021-2\Diseño dirigido por pruebas\Proyectos\Parcial\ProductoSolution\PostParcial\PostParcial\PostParcial\bin\Debug\net5.0\fine-code-coverage\build-output\NUnit3.TestAdapter.dll
TpTrace Verbose: 0 : 8944, 4, 2021/09/25, 14:13:24.418, 4468335132293, testhost.dll, TestPluginCache.GetExtensionPaths: Added unfilterableExtensionPaths: 
TpTrace Information: 0 : 8944, 4, 2021/09/25, 14:13:24.421, 4468335154939, testhost.dll, AssemblyResolver.ctor: Creating AssemblyResolver with searchDirectories D:\IsmaPCBlanco\Documentos\ISMA\Semestre 2021-2\Diseño dirigido por pruebas\Proyectos\Parcial\ProductoSolution\PostParcial\PostParcial\PostParcial\bin\Debug\net5.0\fine-code-coverage\build-output
TpTrace Verbose: 0 : 8944, 4, 2021/09/25, 14:13:24.422, 4468335165236, testhost.dll, TestPluginCache.DiscoverTestExtensions: Discovering the extensions using extension path.
TpTrace Verbose: 0 : 8944, 4, 2021/09/25, 14:13:24.422, 4468335166808, testhost.dll, TestPluginCache.GetExtensionPaths: Filtered extension paths: 
TpTrace Verbose: 0 : 8944, 4, 2021/09/25, 14:13:24.422, 4468335167170, testhost.dll, TestPluginCache.GetExtensionPaths: Added default extension paths: D:\IsmaPCBlanco\Documentos\ISMA\Semestre 2021-2\Diseño dirigido por pruebas\Proyectos\Parcial\ProductoSolution\PostParcial\PostParcial\PostParcial\bin\Debug\net5.0\fine-code-coverage\build-output\NUnit3.TestAdapter.dll
TpTrace Verbose: 0 : 8944, 4, 2021/09/25, 14:13:24.422, 4468335167376, testhost.dll, TestPluginCache.GetExtensionPaths: Added unfilterableExtensionPaths: 
TpTrace Verbose: 0 : 8944, 4, 2021/09/25, 14:13:24.422, 4468335167934, testhost.dll, TestPluginCache.DiscoverTestExtensions: Discovering the extensions using allExtensionPaths: D:\IsmaPCBlanco\Documentos\ISMA\Semestre 2021-2\Diseño dirigido por pruebas\Proyectos\Parcial\ProductoSolution\PostParcial\PostParcial\PostParcial\bin\Debug\net5.0\fine-code-coverage\build-output\NUnit3.TestAdapter.dll
TpTrace Information: 0 : 8944, 4, 2021/09/25, 14:13:24.423, 4468335175376, testhost.dll, AssemblyResolver.AddSearchDirectories: Adding more searchDirectories D:\IsmaPCBlanco\Documentos\ISMA\Semestre 2021-2\Diseño dirigido por pruebas\Proyectos\Parcial\ProductoSolution\PostParcial\PostParcial\PostParcial\bin\Debug\net5.0\fine-code-coverage\build-output
TpTrace Information: 0 : 8944, 4, 2021/09/25, 14:13:24.426, 4468335206503, testhost.dll, AssemblyResolver.OnResolve: NUnit3.TestAdapter: Resolving assembly.
TpTrace Information: 0 : 8944, 4, 2021/09/25, 14:13:24.427, 4468335216672, testhost.dll, AssemblyResolver.OnResolve: Resolved assembly: NUnit3.TestAdapter, from path: D:\IsmaPCBlanco\Documentos\ISMA\Semestre 2021-2\Diseño dirigido por pruebas\Proyectos\Parcial\ProductoSolution\PostParcial\PostParcial\PostParcial\bin\Debug\net5.0\fine-code-coverage\build-output\NUnit3.TestAdapter.dll
TpTrace Information: 0 : 8944, 4, 2021/09/25, 14:13:24.429, 4468335240475, testhost.dll, AssemblyResolver.OnResolve: nunit.engine.api: Resolving assembly.
TpTrace Information: 0 : 8944, 4, 2021/09/25, 14:13:24.430, 4468335246859, testhost.dll, AssemblyResolver.OnResolve: Resolved assembly: nunit.engine.api, from path: D:\IsmaPCBlanco\Documentos\ISMA\Semestre 2021-2\Diseño dirigido por pruebas\Proyectos\Parcial\ProductoSolution\PostParcial\PostParcial\PostParcial\bin\Debug\net5.0\fine-code-coverage\build-output\nunit.engine.api.dll
TpTrace Verbose: 0 : 8944, 4, 2021/09/25, 14:13:24.433, 4468335282867, testhost.dll, TestPluginCache: Discovered the extensions using extension path ''.
TpTrace Verbose: 0 : 8944, 4, 2021/09/25, 14:13:24.434, 4468335286225, testhost.dll, TestPluginCache: Discoverers are ''.
TpTrace Verbose: 0 : 8944, 4, 2021/09/25, 14:13:24.434, 4468335286755, testhost.dll, TestPluginCache: Executors are 'executor://NUnit3TestExecutor'.
TpTrace Verbose: 0 : 8944, 4, 2021/09/25, 14:13:24.434, 4468335287160, testhost.dll, TestPluginCache: Executors2 are ''.
TpTrace Verbose: 0 : 8944, 4, 2021/09/25, 14:13:24.434, 4468335287505, testhost.dll, TestPluginCache: Setting providers are ''.
TpTrace Verbose: 0 : 8944, 4, 2021/09/25, 14:13:24.434, 4468335287814, testhost.dll, TestPluginCache: Loggers are ''.
TpTrace Verbose: 0 : 8944, 4, 2021/09/25, 14:13:24.436, 4468335311853, testhost.dll, TestPluginCache.DiscoverTestExtensions: finding test extensions in assemblies ends with: TestAdapter.dll TPluginInfo: Microsoft.VisualStudio.TestPlatform.Common.ExtensionFramework.Utilities.TestExecutorPluginInformation2 TExtension: Microsoft.VisualStudio.TestPlatform.ObjectModel.Adapter.ITestExecutor2
TpTrace Verbose: 0 : 8944, 4, 2021/09/25, 14:13:24.437, 4468335314023, testhost.dll, TestPluginCache.GetExtensionPaths: Filtered extension paths: 
TpTrace Verbose: 0 : 8944, 4, 2021/09/25, 14:13:24.437, 4468335314331, testhost.dll, TestPluginCache.GetExtensionPaths: Added default extension paths: D:\IsmaPCBlanco\Documentos\ISMA\Semestre 2021-2\Diseño dirigido por pruebas\Proyectos\Parcial\ProductoSolution\PostParcial\PostParcial\PostParcial\bin\Debug\net5.0\fine-code-coverage\build-output\NUnit3.TestAdapter.dll
TpTrace Verbose: 0 : 8944, 4, 2021/09/25, 14:13:24.437, 4468335314489, testhost.dll, TestPluginCache.GetExtensionPaths: Added unfilterableExtensionPaths: 
TpTrace Information: 0 : 8944, 4, 2021/09/25, 14:13:24.437, 4468335315775, testhost.dll, AssemblyResolver.AddSearchDirectories: Adding more searchDirectories D:\IsmaPCBlanco\Documentos\ISMA\Semestre 2021-2\Diseño dirigido por pruebas\Proyectos\Parcial\ProductoSolution\PostParcial\PostParcial\PostParcial\bin\Debug\net5.0\fine-code-coverage\build-output
TpTrace Verbose: 0 : 8944, 4, 2021/09/25, 14:13:24.437, 4468335316210, testhost.dll, TestPluginCache.DiscoverTestExtensions: Discovering the extensions using extension path.
TpTrace Verbose: 0 : 8944, 4, 2021/09/25, 14:13:24.437, 4468335316380, testhost.dll, TestPluginCache.GetExtensionPaths: Filtered extension paths: 
TpTrace Verbose: 0 : 8944, 4, 2021/09/25, 14:13:24.437, 4468335316566, testhost.dll, TestPluginCache.GetExtensionPaths: Added default extension paths: D:\IsmaPCBlanco\Documentos\ISMA\Semestre 2021-2\Diseño dirigido por pruebas\Proyectos\Parcial\ProductoSolution\PostParcial\PostParcial\PostParcial\bin\Debug\net5.0\fine-code-coverage\build-output\NUnit3.TestAdapter.dll
TpTrace Verbose: 0 : 8944, 4, 2021/09/25, 14:13:24.437, 4468335316719, testhost.dll, TestPluginCache.GetExtensionPaths: Added unfilterableExtensionPaths: 
TpTrace Verbose: 0 : 8944, 4, 2021/09/25, 14:13:24.437, 4468335316879, testhost.dll, TestPluginCache.DiscoverTestExtensions: Discovering the extensions using allExtensionPaths: D:\IsmaPCBlanco\Documentos\ISMA\Semestre 2021-2\Diseño dirigido por pruebas\Proyectos\Parcial\ProductoSolution\PostParcial\PostParcial\PostParcial\bin\Debug\net5.0\fine-code-coverage\build-output\NUnit3.TestAdapter.dll
TpTrace Information: 0 : 8944, 4, 2021/09/25, 14:13:24.437, 4468335317215, testhost.dll, AssemblyResolver.AddSearchDirectories: Adding more searchDirectories D:\IsmaPCBlanco\Documentos\ISMA\Semestre 2021-2\Diseño dirigido por pruebas\Proyectos\Parcial\ProductoSolution\PostParcial\PostParcial\PostParcial\bin\Debug\net5.0\fine-code-coverage\build-output
TpTrace Verbose: 0 : 8944, 8, 2021/09/25, 14:13:24.437, 4468335318234, testhost.dll, TcpClientExtensions.MessageLoopAsync: Polling on remoteEndPoint: [::ffff:127.0.0.1]:64083 localEndPoint: [::ffff:127.0.0.1]:64084
TpTrace Verbose: 0 : 8944, 4, 2021/09/25, 14:13:24.437, 4468335319421, testhost.dll, TestPluginCache: Discovered the extensions using extension path ''.
TpTrace Verbose: 0 : 8944, 4, 2021/09/25, 14:13:24.437, 4468335319740, testhost.dll, TestPluginCache: Discoverers are ''.
TpTrace Verbose: 0 : 8944, 4, 2021/09/25, 14:13:24.437, 4468335319970, testhost.dll, TestPluginCache: Executors are 'executor://NUnit3TestExecutor'.
TpTrace Verbose: 0 : 8944, 4, 2021/09/25, 14:13:24.437, 4468335320394, testhost.dll, TestPluginCache: Executors2 are ''.
TpTrace Verbose: 0 : 8944, 4, 2021/09/25, 14:13:24.437, 4468335320554, testhost.dll, TestPluginCache: Setting providers are ''.
TpTrace Verbose: 0 : 8944, 4, 2021/09/25, 14:13:24.437, 4468335320733, testhost.dll, TestPluginCache: Loggers are ''.
TpTrace Information: 0 : 8944, 4, 2021/09/25, 14:13:24.441, 4468335361690, testhost.dll, TestPluginManager.CreateTestExtension: Attempting to load test extension: NUnit.VisualStudio.TestAdapter.NUnit3TestExecutor
TpTrace Verbose: 0 : 8944, 4, 2021/09/25, 14:13:24.442, 4468335366543, testhost.dll, TestExecutorExtensionManager: Loading executor NUnit.VisualStudio.TestAdapter.NUnit3TestExecutor
TpTrace Verbose: 0 : 8944, 4, 2021/09/25, 14:13:24.442, 4468335367162, testhost.dll, TestExecutorService: Loaded the executors
TpTrace Verbose: 0 : 8944, 4, 2021/09/25, 14:13:24.442, 4468335372891, testhost.dll, TestPluginCache.DiscoverTestExtensions: finding test extensions in assemblies ends with: TestAdapter.dll TPluginInfo: Microsoft.VisualStudio.TestPlatform.Common.ExtensionFramework.Utilities.TestSettingsProviderPluginInformation TExtension: Microsoft.VisualStudio.TestPlatform.ObjectModel.Adapter.ISettingsProvider
TpTrace Verbose: 0 : 8944, 4, 2021/09/25, 14:13:24.443, 4468335373529, testhost.dll, TestPluginCache.GetExtensionPaths: Filtered extension paths: 
TpTrace Verbose: 0 : 8944, 4, 2021/09/25, 14:13:24.443, 4468335373801, testhost.dll, TestPluginCache.GetExtensionPaths: Added default extension paths: D:\IsmaPCBlanco\Documentos\ISMA\Semestre 2021-2\Diseño dirigido por pruebas\Proyectos\Parcial\ProductoSolution\PostParcial\PostParcial\PostParcial\bin\Debug\net5.0\fine-code-coverage\build-output\NUnit3.TestAdapter.dll
TpTrace Verbose: 0 : 8944, 4, 2021/09/25, 14:13:24.443, 4468335373966, testhost.dll, TestPluginCache.GetExtensionPaths: Added unfilterableExtensionPaths: 
TpTrace Information: 0 : 8944, 4, 2021/09/25, 14:13:24.443, 4468335374907, testhost.dll, AssemblyResolver.AddSearchDirectories: Adding more searchDirectories D:\IsmaPCBlanco\Documentos\ISMA\Semestre 2021-2\Diseño dirigido por pruebas\Proyectos\Parcial\ProductoSolution\PostParcial\PostParcial\PostParcial\bin\Debug\net5.0\fine-code-coverage\build-output
TpTrace Verbose: 0 : 8944, 4, 2021/09/25, 14:13:24.443, 4468335375115, testhost.dll, TestPluginCache.DiscoverTestExtensions: Discovering the extensions using extension path.
TpTrace Verbose: 0 : 8944, 4, 2021/09/25, 14:13:24.443, 4468335375290, testhost.dll, TestPluginCache.GetExtensionPaths: Filtered extension paths: 
TpTrace Verbose: 0 : 8944, 4, 2021/09/25, 14:13:24.443, 4468335375437, testhost.dll, TestPluginCache.GetExtensionPaths: Added default extension paths: D:\IsmaPCBlanco\Documentos\ISMA\Semestre 2021-2\Diseño dirigido por pruebas\Proyectos\Parcial\ProductoSolution\PostParcial\PostParcial\PostParcial\bin\Debug\net5.0\fine-code-coverage\build-output\NUnit3.TestAdapter.dll
TpTrace Verbose: 0 : 8944, 4, 2021/09/25, 14:13:24.443, 4468335375615, testhost.dll, TestPluginCache.GetExtensionPaths: Added unfilterableExtensionPaths: 
TpTrace Verbose: 0 : 8944, 4, 2021/09/25, 14:13:24.443, 4468335375778, testhost.dll, TestPluginCache.DiscoverTestExtensions: Discovering the extensions using allExtensionPaths: D:\IsmaPCBlanco\Documentos\ISMA\Semestre 2021-2\Diseño dirigido por pruebas\Proyectos\Parcial\ProductoSolution\PostParcial\PostParcial\PostParcial\bin\Debug\net5.0\fine-code-coverage\build-output\NUnit3.TestAdapter.dll
TpTrace Information: 0 : 8944, 4, 2021/09/25, 14:13:24.443, 4468335376039, testhost.dll, AssemblyResolver.AddSearchDirectories: Adding more searchDirectories D:\IsmaPCBlanco\Documentos\ISMA\Semestre 2021-2\Diseño dirigido por pruebas\Proyectos\Parcial\ProductoSolution\PostParcial\PostParcial\PostParcial\bin\Debug\net5.0\fine-code-coverage\build-output
TpTrace Verbose: 0 : 8944, 4, 2021/09/25, 14:13:24.443, 4468335377838, testhost.dll, TestPluginCache: Discovered the extensions using extension path ''.
TpTrace Verbose: 0 : 8944, 4, 2021/09/25, 14:13:24.443, 4468335378144, testhost.dll, TestPluginCache: Discoverers are ''.
TpTrace Verbose: 0 : 8944, 4, 2021/09/25, 14:13:24.443, 4468335378317, testhost.dll, TestPluginCache: Executors are 'executor://NUnit3TestExecutor'.
TpTrace Verbose: 0 : 8944, 4, 2021/09/25, 14:13:24.443, 4468335378467, testhost.dll, TestPluginCache: Executors2 are ''.
TpTrace Verbose: 0 : 8944, 4, 2021/09/25, 14:13:24.443, 4468335378679, testhost.dll, TestPluginCache: Setting providers are ''.
TpTrace Verbose: 0 : 8944, 4, 2021/09/25, 14:13:24.443, 4468335378826, testhost.dll, TestPluginCache: Loggers are ''.
TpTrace Verbose: 0 : 8944, 4, 2021/09/25, 14:13:24.444, 4468335384501, testhost.dll, TestExecutorService: Loaded the settings providers
TpTrace Information: 0 : 8944, 4, 2021/09/25, 14:13:24.444, 4468335384827, testhost.dll, TestExecutorService: Loaded the extensions
TpTrace Information: 0 : 8944, 4, 2021/09/25, 14:13:24.457, 4468335519568, testhost.dll, AssemblyResolver.OnResolve: Microsoft.VisualStudio.TestPlatform.Common.resources: Resolving assembly.
TpTrace Information: 0 : 8944, 4, 2021/09/25, 14:13:24.457, 4468335520667, testhost.dll, AssemblyResolver.OnResolve: Microsoft.VisualStudio.TestPlatform.Common.resources: Failed to load assembly.
TpTrace Information: 0 : 8944, 4, 2021/09/25, 14:13:24.493, 4468335880216, testhost.dll, TestDiscoveryManager: Discovering tests from sources D:\IsmaPCBlanco\Documentos\ISMA\Semestre 2021-2\Diseño dirigido por pruebas\Proyectos\Parcial\ProductoSolution\PostParcial\PostParcial\PostParcial\bin\Debug\net5.0\fine-code-coverage\build-output\PostParcial.dll
TpTrace Verbose: 0 : 8944, 4, 2021/09/25, 14:13:24.495, 4468335899207, testhost.dll, TestPluginCache.DiscoverTestExtensions: finding test extensions in assemblies ends with: TestAdapter.dll TPluginInfo: Microsoft.VisualStudio.TestPlatform.Common.ExtensionFramework.Utilities.TestDiscovererPluginInformation TExtension: Microsoft.VisualStudio.TestPlatform.ObjectModel.Adapter.ITestDiscoverer
TpTrace Verbose: 0 : 8944, 4, 2021/09/25, 14:13:24.495, 4468335900516, testhost.dll, TestPluginCache.GetExtensionPaths: Filtered extension paths: 
TpTrace Verbose: 0 : 8944, 4, 2021/09/25, 14:13:24.495, 4468335900796, testhost.dll, TestPluginCache.GetExtensionPaths: Added default extension paths: D:\IsmaPCBlanco\Documentos\ISMA\Semestre 2021-2\Diseño dirigido por pruebas\Proyectos\Parcial\ProductoSolution\PostParcial\PostParcial\PostParcial\bin\Debug\net5.0\fine-code-coverage\build-output\NUnit3.TestAdapter.dll
TpTrace Verbose: 0 : 8944, 4, 2021/09/25, 14:13:24.495, 4468335901004, testhost.dll, TestPluginCache.GetExtensionPaths: Added unfilterableExtensionPaths: 
TpTrace Information: 0 : 8944, 4, 2021/09/25, 14:13:24.495, 4468335901970, testhost.dll, AssemblyResolver.AddSearchDirectories: Adding more searchDirectories D:\IsmaPCBlanco\Documentos\ISMA\Semestre 2021-2\Diseño dirigido por pruebas\Proyectos\Parcial\ProductoSolution\PostParcial\PostParcial\PostParcial\bin\Debug\net5.0\fine-code-coverage\build-output
TpTrace Verbose: 0 : 8944, 4, 2021/09/25, 14:13:24.495, 4468335902300, testhost.dll, TestPluginCache.DiscoverTestExtensions: Discovering the extensions using extension path.
TpTrace Verbose: 0 : 8944, 4, 2021/09/25, 14:13:24.495, 4468335902547, testhost.dll, TestPluginCache.GetExtensionPaths: Filtered extension paths: 
TpTrace Verbose: 0 : 8944, 4, 2021/09/25, 14:13:24.495, 4468335902697, testhost.dll, TestPluginCache.GetExtensionPaths: Added default extension paths: D:\IsmaPCBlanco\Documentos\ISMA\Semestre 2021-2\Diseño dirigido por pruebas\Proyectos\Parcial\ProductoSolution\PostParcial\PostParcial\PostParcial\bin\Debug\net5.0\fine-code-coverage\build-output\NUnit3.TestAdapter.dll
TpTrace Verbose: 0 : 8944, 4, 2021/09/25, 14:13:24.495, 4468335902896, testhost.dll, TestPluginCache.GetExtensionPaths: Added unfilterableExtensionPaths: 
TpTrace Verbose: 0 : 8944, 4, 2021/09/25, 14:13:24.495, 4468335903123, testhost.dll, TestPluginCache.DiscoverTestExtensions: Discovering the extensions using allExtensionPaths: D:\IsmaPCBlanco\Documentos\ISMA\Semestre 2021-2\Diseño dirigido por pruebas\Proyectos\Parcial\ProductoSolution\PostParcial\PostParcial\PostParcial\bin\Debug\net5.0\fine-code-coverage\build-output\NUnit3.TestAdapter.dll
TpTrace Information: 0 : 8944, 4, 2021/09/25, 14:13:24.496, 4468335903378, testhost.dll, AssemblyResolver.AddSearchDirectories: Adding more searchDirectories D:\IsmaPCBlanco\Documentos\ISMA\Semestre 2021-2\Diseño dirigido por pruebas\Proyectos\Parcial\ProductoSolution\PostParcial\PostParcial\PostParcial\bin\Debug\net5.0\fine-code-coverage\build-output
TpTrace Information: 0 : 8944, 4, 2021/09/25, 14:13:24.497, 4468335918595, testhost.dll, AssemblyResolver.OnResolve: System.ComponentModel.Primitives.resources: Resolving assembly.
TpTrace Information: 0 : 8944, 4, 2021/09/25, 14:13:24.497, 4468335919520, testhost.dll, AssemblyResolver.OnResolve: System.ComponentModel.Primitives.resources: Failed to load assembly.
TpTrace Verbose: 0 : 8944, 4, 2021/09/25, 14:13:24.497, 4468335921740, testhost.dll, CurrentDomain_AssemblyResolve: Resolving assembly 'System.ComponentModel.Primitives.resources'.
TpTrace Information: 0 : 8944, 4, 2021/09/25, 14:13:24.497, 4468335922298, testhost.dll, AssemblyResolver.OnResolve: System.ComponentModel.Primitives.resources: Resolving assembly.
TpTrace Information: 0 : 8944, 4, 2021/09/25, 14:13:24.497, 4468335922553, testhost.dll, AssemblyResolver.OnResolve: System.ComponentModel.Primitives.resources: Resolved from cache.
TpTrace Verbose: 0 : 8944, 4, 2021/09/25, 14:13:24.497, 4468335922746, testhost.dll, CurrentDomain_AssemblyResolve: Resolving assembly 'System.ComponentModel.Primitives.resources'.
TpTrace Verbose: 0 : 8944, 4, 2021/09/25, 14:13:24.497, 4468335922952, testhost.dll, CurrentDomainAssemblyResolve: Failed to resolve assembly 'System.ComponentModel.Primitives.resources'.
TpTrace Verbose: 0 : 8944, 4, 2021/09/25, 14:13:24.498, 4468335928000, testhost.dll, CurrentDomainAssemblyResolve: Failed to resolve assembly 'System.ComponentModel.Primitives.resources'.
TpTrace Information: 0 : 8944, 4, 2021/09/25, 14:13:24.498, 4468335931276, testhost.dll, AssemblyResolver.OnResolve: System.ComponentModel.Primitives.resources: Resolving assembly.
TpTrace Information: 0 : 8944, 4, 2021/09/25, 14:13:24.498, 4468335931571, testhost.dll, AssemblyResolver.OnResolve: System.ComponentModel.Primitives.resources: Resolved from cache.
TpTrace Verbose: 0 : 8944, 4, 2021/09/25, 14:13:24.498, 4468335931771, testhost.dll, CurrentDomain_AssemblyResolve: Resolving assembly 'System.ComponentModel.Primitives.resources'.
TpTrace Verbose: 0 : 8944, 4, 2021/09/25, 14:13:24.498, 4468335931936, testhost.dll, CurrentDomainAssemblyResolve: Failed to resolve assembly 'System.ComponentModel.Primitives.resources'.
TpTrace Verbose: 0 : 8944, 4, 2021/09/25, 14:13:24.499, 4468335938146, testhost.dll, TestPluginCache: Discovered the extensions using extension path ''.
TpTrace Verbose: 0 : 8944, 4, 2021/09/25, 14:13:24.499, 4468335938616, testhost.dll, TestPluginCache: Discoverers are 'NUnit.VisualStudio.TestAdapter.NUnit3TestDiscoverer, NUnit3.TestAdapter, Version=3.17.0.0, Culture=neutral, PublicKeyToken=4cb40d35494691ac'.
TpTrace Verbose: 0 : 8944, 4, 2021/09/25, 14:13:24.499, 4468335938804, testhost.dll, TestPluginCache: Executors are 'executor://NUnit3TestExecutor'.
TpTrace Verbose: 0 : 8944, 4, 2021/09/25, 14:13:24.499, 4468335938963, testhost.dll, TestPluginCache: Executors2 are ''.
TpTrace Verbose: 0 : 8944, 4, 2021/09/25, 14:13:24.499, 4468335939109, testhost.dll, TestPluginCache: Setting providers are ''.
TpTrace Verbose: 0 : 8944, 4, 2021/09/25, 14:13:24.499, 4468335939331, testhost.dll, TestPluginCache: Loggers are ''.
TpTrace Information: 0 : 8944, 4, 2021/09/25, 14:13:24.504, 4468335993241, testhost.dll, PEReaderHelper.GetAssemblyType: Determined assemblyType:'Managed' for source: 'D:\IsmaPCBlanco\Documentos\ISMA\Semestre 2021-2\Diseño dirigido por pruebas\Proyectos\Parcial\ProductoSolution\PostParcial\PostParcial\PostParcial\bin\Debug\net5.0\fine-code-coverage\build-output\PostParcial.dll'
TpTrace Verbose: 0 : 8944, 4, 2021/09/25, 14:13:24.509, 4468336036185, testhost.dll, BaseRunTests.RunTestInternalWithExecutors: Running tests for executor://NUnit3TestExecutor
TpTrace Information: 0 : 8944, 4, 2021/09/25, 14:13:24.510, 4468336048710, testhost.dll, AssemblyResolver.OnResolve: nunit.engine: Resolving assembly.
TpTrace Information: 0 : 8944, 4, 2021/09/25, 14:13:24.510, 4468336053156, testhost.dll, AssemblyResolver.OnResolve: Resolved assembly: nunit.engine, from path: D:\IsmaPCBlanco\Documentos\ISMA\Semestre 2021-2\Diseño dirigido por pruebas\Proyectos\Parcial\ProductoSolution\PostParcial\PostParcial\PostParcial\bin\Debug\net5.0\fine-code-coverage\build-output\nunit.engine.dll
TpTrace Information: 0 : 8944, 4, 2021/09/25, 14:13:24.511, 4468336053935, testhost.dll, AssemblyResolver.OnResolve: nunit.engine.core: Resolving assembly.
TpTrace Information: 0 : 8944, 4, 2021/09/25, 14:13:24.511, 4468336056870, testhost.dll, AssemblyResolver.OnResolve: Resolved assembly: nunit.engine.core, from path: D:\IsmaPCBlanco\Documentos\ISMA\Semestre 2021-2\Diseño dirigido por pruebas\Proyectos\Parcial\ProductoSolution\PostParcial\PostParcial\PostParcial\bin\Debug\net5.0\fine-code-coverage\build-output\nunit.engine.core.dll
TpTrace Information: 0 : 8944, 4, 2021/09/25, 14:13:24.517, 4468336116092, testhost.dll, NUnit Adapter 3.17.0.0: Test execution started
TpTrace Verbose: 0 : 8944, 4, 2021/09/25, 14:13:24.517, 4468336117484, testhost.dll, TestRequestHandler.SendData:  sending data from testhost: {"Version":5,"MessageType":"TestSession.Message","Payload":{"MessageLevel":0,"Message":"NUnit Adapter 3.17.0.0: Test execution started"}}
TpTrace Information: 0 : 8944, 4, 2021/09/25, 14:13:24.540, 4468336346132, testhost.dll, Running all tests in D:\IsmaPCBlanco\Documentos\ISMA\Semestre 2021-2\Diseño dirigido por pruebas\Proyectos\Parcial\ProductoSolution\PostParcial\PostParcial\PostParcial\bin\Debug\net5.0\fine-code-coverage\build-output\PostParcial.dll
TpTrace Verbose: 0 : 8944, 4, 2021/09/25, 14:13:24.540, 4468336347524, testhost.dll, TestRequestHandler.SendData:  sending data from testhost: {"Version":5,"MessageType":"TestSession.Message","Payload":{"MessageLevel":0,"Message":"Running all tests in D:\\IsmaPCBlanco\\Documentos\\ISMA\\Semestre 2021-2\\Diseño dirigido por pruebas\\Proyectos\\Parcial\\ProductoSolution\\PostParcial\\PostParcial\\PostParcial\\bin\\Debug\\net5.0\\fine-code-coverage\\build-output\\PostParcial.dll"}}
TpTrace Information: 0 : 8944, 4, 2021/09/25, 14:13:24.547, 4468336420468, testhost.dll, AssemblyResolver.OnResolve: Mono.Cecil: Resolving assembly.
TpTrace Information: 0 : 8944, 4, 2021/09/25, 14:13:24.547, 4468336421827, testhost.dll, AssemblyResolver.OnResolve: Mono.Cecil: Failed to load assembly.
TpTrace Information: 0 : 8944, 4, 2021/09/25, 14:13:24.664, 4468337588743, testhost.dll,    NUnit3TestExecutor discovered 5 of 5 NUnit test cases
TpTrace Verbose: 0 : 8944, 4, 2021/09/25, 14:13:24.664, 4468337590164, testhost.dll, TestRequestHandler.SendData:  sending data from testhost: {"Version":5,"MessageType":"TestSession.Message","Payload":{"MessageLevel":0,"Message":"   NUnit3TestExecutor discovered 5 of 5 NUnit test cases"}}
TpTrace Verbose: 0 : 8944, 12, 2021/09/25, 14:13:24.689, 4468337837147, testhost.dll, TestExecutionRecorder.RecordStart: Starting test: ProductoSolutionTDD.ProductoSolutionTest.NoPuedeIngresarCantidadProductosDeMenosUno.
TpTrace Verbose: 0 : 8944, 12, 2021/09/25, 14:13:24.723, 4468338182725, testhost.dll, TestExecutionRecorder.RecordEnd: test: ProductoSolutionTDD.ProductoSolutionTest.NoPuedeIngresarCantidadProductosDeMenosUno execution completed.
TpTrace Verbose: 0 : 8944, 12, 2021/09/25, 14:13:24.737, 4468338318059, testhost.dll, TestExecutionRecorder.RecordResult: Received result for test: ProductoSolutionTDD.ProductoSolutionTest.NoPuedeIngresarCantidadProductosDeMenosUno.
TpTrace Warning: 0 : 8944, 12, 2021/09/25, 14:13:24.740, 4468338350140, testhost.dll, TestRunCache: InProgressTests is null
TpTrace Warning: 0 : 8944, 12, 2021/09/25, 14:13:24.740, 4468338351551, testhost.dll, TestRunCache: No test found corresponding to testResult 'NoPuedeIngresarCantidadProductosDeMenosUno' in inProgress list.
TpTrace Verbose: 0 : 8944, 12, 2021/09/25, 14:13:24.740, 4468338352909, testhost.dll, TestExecutionRecorder.RecordStart: Starting test: ProductoSolutionTDD.ProductoSolutionTest.NoPuedeVenderCantidadProductosDeMenosUno.
TpTrace Verbose: 0 : 8944, 12, 2021/09/25, 14:13:24.742, 4468338363594, testhost.dll, TestExecutionRecorder.RecordEnd: test: ProductoSolutionTDD.ProductoSolutionTest.NoPuedeVenderCantidadProductosDeMenosUno execution completed.
TpTrace Verbose: 0 : 8944, 12, 2021/09/25, 14:13:24.742, 4468338369703, testhost.dll, TestExecutionRecorder.RecordResult: Received result for test: ProductoSolutionTDD.ProductoSolutionTest.NoPuedeVenderCantidadProductosDeMenosUno.
TpTrace Warning: 0 : 8944, 12, 2021/09/25, 14:13:24.742, 4468338370241, testhost.dll, TestRunCache: InProgressTests is null
TpTrace Warning: 0 : 8944, 12, 2021/09/25, 14:13:24.742, 4468338370419, testhost.dll, TestRunCache: No test found corresponding to testResult 'NoPuedeVenderCantidadProductosDeMenosUno' in inProgress list.
TpTrace Verbose: 0 : 8944, 12, 2021/09/25, 14:13:24.742, 4468338370963, testhost.dll, TestExecutionRecorder.RecordStart: Starting test: ProductoSolutionTDD.ProductoSolutionTest.PuedeIngresarCantidadProductosCincuentaCorrecta.
TpTrace Verbose: 0 : 8944, 12, 2021/09/25, 14:13:24.743, 4468338376615, testhost.dll, TestExecutionRecorder.RecordEnd: test: ProductoSolutionTDD.ProductoSolutionTest.PuedeIngresarCantidadProductosCincuentaCorrecta execution completed.
TpTrace Verbose: 0 : 8944, 12, 2021/09/25, 14:13:24.743, 4468338381103, testhost.dll, TestExecutionRecorder.RecordResult: Received result for test: ProductoSolutionTDD.ProductoSolutionTest.PuedeIngresarCantidadProductosCincuentaCorrecta.
TpTrace Warning: 0 : 8944, 12, 2021/09/25, 14:13:24.743, 4468338381467, testhost.dll, TestRunCache: InProgressTests is null
TpTrace Warning: 0 : 8944, 12, 2021/09/25, 14:13:24.743, 4468338381632, testhost.dll, TestRunCache: No test found corresponding to testResult 'PuedeIngresarCantidadProductosCincuentaCorrecta' in inProgress list.
TpTrace Verbose: 0 : 8944, 12, 2021/09/25, 14:13:24.743, 4468338382099, testhost.dll, TestExecutionRecorder.RecordStart: Starting test: ProductoSolutionTDD.ProductoSolutionTest.PuedeVenderCantidadProductoCompuestoCorrecta.
TpTrace Verbose: 0 : 8944, 12, 2021/09/25, 14:13:24.746, 4468338404215, testhost.dll, TestExecutionRecorder.RecordEnd: test: ProductoSolutionTDD.ProductoSolutionTest.PuedeVenderCantidadProductoCompuestoCorrecta execution completed.
TpTrace Verbose: 0 : 8944, 12, 2021/09/25, 14:13:24.746, 4468338410918, testhost.dll, TestExecutionRecorder.RecordResult: Received result for test: ProductoSolutionTDD.ProductoSolutionTest.PuedeVenderCantidadProductoCompuestoCorrecta.
TpTrace Warning: 0 : 8944, 12, 2021/09/25, 14:13:24.746, 4468338411403, testhost.dll, TestRunCache: InProgressTests is null
TpTrace Warning: 0 : 8944, 12, 2021/09/25, 14:13:24.746, 4468338411582, testhost.dll, TestRunCache: No test found corresponding to testResult 'PuedeVenderCantidadProductoCompuestoCorrecta' in inProgress list.
TpTrace Verbose: 0 : 8944, 12, 2021/09/25, 14:13:24.746, 4468338412228, testhost.dll, TestExecutionRecorder.RecordStart: Starting test: ProductoSolutionTDD.ProductoSolutionTest.PuedeVenderCantidadProductoSencilloCorrecta.
TpTrace Verbose: 0 : 8944, 12, 2021/09/25, 14:13:24.747, 4468338418282, testhost.dll, TestExecutionRecorder.RecordEnd: test: ProductoSolutionTDD.ProductoSolutionTest.PuedeVenderCantidadProductoSencilloCorrecta execution completed.
TpTrace Verbose: 0 : 8944, 12, 2021/09/25, 14:13:24.748, 4468338423940, testhost.dll, TestExecutionRecorder.RecordResult: Received result for test: ProductoSolutionTDD.ProductoSolutionTest.PuedeVenderCantidadProductoSencilloCorrecta.
TpTrace Warning: 0 : 8944, 12, 2021/09/25, 14:13:24.748, 4468338424425, testhost.dll, TestRunCache: InProgressTests is null
TpTrace Warning: 0 : 8944, 12, 2021/09/25, 14:13:24.748, 4468338424609, testhost.dll, TestRunCache: No test found corresponding to testResult 'PuedeVenderCantidadProductoSencilloCorrecta' in inProgress list.
TpTrace Information: 0 : 8944, 4, 2021/09/25, 14:13:24.751, 4468338456624, testhost.dll, NUnit Adapter 3.17.0.0: Test execution complete
TpTrace Verbose: 0 : 8944, 4, 2021/09/25, 14:13:24.751, 4468338457808, testhost.dll, TestRequestHandler.SendData:  sending data from testhost: {"Version":5,"MessageType":"TestSession.Message","Payload":{"MessageLevel":0,"Message":"NUnit Adapter 3.17.0.0: Test execution complete"}}
TpTrace Verbose: 0 : 8944, 4, 2021/09/25, 14:13:24.755, 4468338495585, testhost.dll, BaseRunTests.RunTestInternalWithExecutors: Completed running tests for executor://NUnit3TestExecutor
TpTrace Information: 0 : 8944, 4, 2021/09/25, 14:13:24.757, 4468338520942, testhost.dll, Sending test run complete
TpTrace Verbose: 0 : 8944, 4, 2021/09/25, 14:13:24.783, 4468338773532, testhost.dll, TestRequestHandler.SendData:  sending data from testhost: {"Version":5,"MessageType":"TestExecution.Completed","Payload":{"TestRunCompleteArgs":{"TestRunStatistics":{"ExecutedTests":5,"Stats":{"Passed":4,"Failed":1}},"IsCanceled":false,"IsAborted":false,"Error":null,"AttachmentSets":[],"ElapsedTimeInRunningTests":"00:00:00.2489512","Metrics":{}},"LastRunTests":{"NewTestResults":[{"TestCase":{"Id":"3c1a2331-6e19-9e98-0345-fd57dc6b1b9a","FullyQualifiedName":"ProductoSolutionTDD.ProductoSolutionTest.NoPuedeIngresarCantidadProductosDeMenosUno","DisplayName":"NoPuedeIngresarCantidadProductosDeMenosUno","ExecutorUri":"executor://NUnit3TestExecutor","Source":"D:\\IsmaPCBlanco\\Documentos\\ISMA\\Semestre 2021-2\\Diseño dirigido por pruebas\\Proyectos\\Parcial\\ProductoSolution\\PostParcial\\PostParcial\\PostParcial\\bin\\Debug\\net5.0\\fine-code-coverage\\build-output\\PostParcial.dll","CodeFilePath":null,"LineNumber":0,"Properties":[]},"Attachments":[],"Outcome":1,"ErrorMessage":null,"ErrorStackTrace":null,"DisplayName":"NoPuedeIngresarCantidadProductosDeMenosUno","Messages":[],"ComputerName":"DESKTOP-FFMH835","Duration":"00:00:00.0078210","StartTime":"2021-09-25T19:13:24.688859+00:00","EndTime":"2021-09-25T19:13:24.6966155+00:00","Properties":[]},{"TestCase":{"Id":"90a77c59-56ab-2873-a298-0f7359898f11","FullyQualifiedName":"ProductoSolutionTDD.ProductoSolutionTest.NoPuedeVenderCantidadProductosDeMenosUno","DisplayName":"NoPuedeVenderCantidadProductosDeMenosUno","ExecutorUri":"executor://NUnit3TestExecutor","Source":"D:\\IsmaPCBlanco\\Documentos\\ISMA\\Semestre 2021-2\\Diseño dirigido por pruebas\\Proyectos\\Parcial\\ProductoSolution\\PostParcial\\PostParcial\\PostParcial\\bin\\Debug\\net5.0\\fine-code-coverage\\build-output\\PostParcial.dll","CodeFilePath":null,"LineNumber":0,"Properties":[]},"Attachments":[],"Outcome":1,"ErrorMessage":null,"ErrorStackTrace":null,"DisplayName":"NoPuedeVenderCantidadProductosDeMenosUno","Messages":[],"ComputerName":"DESKTOP-FFMH835","Duration":"00:00:00.0004680","StartTime":"2021-09-25T19:13:24.6979008+00:00","EndTime":"2021-09-25T19:13:24.6983685+00:00","Properties":[]},{"TestCase":{"Id":"675570ab-a4c1-9d19-2865-54b7d373d7c0","FullyQualifiedName":"ProductoSolutionTDD.ProductoSolutionTest.PuedeIngresarCantidadProductosCincuentaCorrecta","DisplayName":"PuedeIngresarCantidadProductosCincuentaCorrecta","ExecutorUri":"executor://NUnit3TestExecutor","Source":"D:\\IsmaPCBlanco\\Documentos\\ISMA\\Semestre 2021-2\\Diseño dirigido por pruebas\\Proyectos\\Parcial\\ProductoSolution\\PostParcial\\PostParcial\\PostParcial\\bin\\Debug\\net5.0\\fine-code-coverage\\build-output\\PostParcial.dll","CodeFilePath":null,"LineNumber":0,"Properties":[]},"Attachments":[],"Outcome":1,"ErrorMessage":null,"ErrorStackTrace":null,"DisplayName":"PuedeIngresarCantidadProductosCincuentaCorrecta","Messages":[],"ComputerName":"DESKTOP-FFMH835","Duration":"00:00:00.0020170","StartTime":"2021-09-25T19:13:24.6983911+00:00","EndTime":"2021-09-25T19:13:24.7004073+00:00","Properties":[]},{"TestCase":{"Id":"cb845b42-d82a-903f-cb2b-b94ab0a5ae70","FullyQualifiedName":"ProductoSolutionTDD.ProductoSolutionTest.PuedeVenderCantidadProductoCompuestoCorrecta","DisplayName":"PuedeVenderCantidadProductoCompuestoCorrecta","ExecutorUri":"executor://NUnit3TestExecutor","Source":"D:\\IsmaPCBlanco\\Documentos\\ISMA\\Semestre 2021-2\\Diseño dirigido por pruebas\\Proyectos\\Parcial\\ProductoSolution\\PostParcial\\PostParcial\\PostParcial\\bin\\Debug\\net5.0\\fine-code-coverage\\build-output\\PostParcial.dll","CodeFilePath":null,"LineNumber":0,"Properties":[]},"Attachments":[],"Outcome":2,"ErrorMessage":"  String lengths are both 28. Strings differ at index 18.\r\n  Expected: \"El costo total es 6000 pesos\"\r\n  But was:  \"El costo total es 2000 pesos\"\r\n  -----------------------------^\r\n","ErrorStackTrace":"   at ProductoSolutionTDD.ProductoSolutionTest.PuedeVenderCantidadProductoCompuestoCorrecta() in D:\\IsmaPCBlanco\\Documentos\\ISMA\\Semestre 2021-2\\Diseño dirigido por pruebas\\Proyectos\\Parcial\\ProductoSolution\\PostParcial\\PostParcial\\PostParcial\\ProductoSolutionTest.cs:line 156\r\n","DisplayName":"PuedeVenderCantidadProductoCompuestoCorrecta","Messages":[],"ComputerName":"DESKTOP-FFMH835","Duration":"00:00:00.0315659","StartTime":"2021-09-25T19:13:24.7004209+00:00","EndTime":"2021-09-25T19:13:24.7319857+00:00","Properties":[]},{"TestCase":{"Id":"b3c2edba-2460-b885-9dfa-628adbad1693","FullyQualifiedName":"ProductoSolutionTDD.ProductoSolutionTest.PuedeVenderCantidadProductoSencilloCorrecta","DisplayName":"PuedeVenderCantidadProductoSencilloCorrecta","ExecutorUri":"executor://NUnit3TestExecutor","Source":"D:\\IsmaPCBlanco\\Documentos\\ISMA\\Semestre 2021-2\\Diseño dirigido por pruebas\\Proyectos\\Parcial\\ProductoSolution\\PostParcial\\PostParcial\\PostParcial\\bin\\Debug\\net5.0\\fine-code-coverage\\build-output\\PostParcial.dll","CodeFilePath":null,"LineNumber":0,"Properties":[]},"Attachments":[],"Outcome":1,"ErrorMessage":null,"ErrorStackTrace":null,"DisplayName":"PuedeVenderCantidadProductoSencilloCorrecta","Messages":[],"ComputerName":"DESKTOP-FFMH835","Duration":"00:00:00.0001840","StartTime":"2021-09-25T19:13:24.7320708+00:00","EndTime":"2021-09-25T19:13:24.732255+00:00","Properties":[]}],"TestRunStatistics":{"ExecutedTests":5,"Stats":{"Passed":4,"Failed":1}},"ActiveTests":[]},"RunAttachments":[],"ExecutorUris":["executor://nunit3testexecutor/"]}}
TpTrace Verbose: 0 : 8944, 4, 2021/09/25, 14:13:24.783, 4468338776631, testhost.dll, BaseRunTests.RunTests: Run is complete.
TpTrace Verbose: 0 : 8944, 8, 2021/09/25, 14:13:24.785, 4468338795049, testhost.dll, TcpClientExtensions.MessageLoopAsync: NotifyDataAvailable remoteEndPoint: [::ffff:127.0.0.1]:64083 localEndPoint: [::ffff:127.0.0.1]:64084
TpTrace Information: 0 : 8944, 8, 2021/09/25, 14:13:24.785, 4468338796143, testhost.dll, TestRequestHandler.ProcessRequests: received message: (TestSession.Terminate) -> null
TpTrace Information: 0 : 8944, 8, 2021/09/25, 14:13:24.785, 4468338796378, testhost.dll, Session End message received from server. Closing the connection.
TpTrace Information: 0 : 8944, 8, 2021/09/25, 14:13:24.785, 4468338798508, testhost.dll, SocketClient.Stop: Stop communication from server endpoint: 127.0.0.1:064083
TpTrace Information: 0 : 8944, 8, 2021/09/25, 14:13:24.785, 4468338798851, testhost.dll, SocketClient: Stop: Cancellation requested. Stopping message loop.
TpTrace Verbose: 0 : 8944, 8, 2021/09/25, 14:13:24.785, 4468338799879, testhost.dll, LengthPrefixCommunicationChannel.Dispose: Dispose reader and writer.
TpTrace Information: 0 : 8944, 8, 2021/09/25, 14:13:24.785, 4468338800179, testhost.dll, Closing the connection !
TpTrace Information: 0 : 8944, 8, 2021/09/25, 14:13:24.785, 4468338801765, testhost.dll, SocketClient.PrivateStop: Stop communication from server endpoint: 127.0.0.1:064083, error:
TpTrace Verbose: 0 : 8944, 8, 2021/09/25, 14:13:24.786, 4468338804076, testhost.dll, LengthPrefixCommunicationChannel.Dispose: Dispose reader and writer.
TpTrace Information: 0 : 8944, 1, 2021/09/25, 14:13:24.786, 4468338804095, testhost.dll, Closing the connection !
TpTrace Verbose: 0 : 8944, 8, 2021/09/25, 14:13:24.786, 4468338804483, testhost.dll, TcpClientExtensions.MessageLoopAsync: exiting MessageLoopAsync remoteEndPoint: [::ffff:127.0.0.1]:64083 localEndPoint: [::ffff:127.0.0.1]:64084
TpTrace Information: 0 : 8944, 1, 2021/09/25, 14:13:24.786, 4468338804860, testhost.dll, SocketClient.Stop: Stop communication from server endpoint: 127.0.0.1:064083
TpTrace Verbose: 0 : 8944, 1, 2021/09/25, 14:13:24.786, 4468338805628, testhost.dll, LengthPrefixCommunicationChannel.Dispose: Dispose reader and writer.
TpTrace Information: 0 : 8944, 1, 2021/09/25, 14:13:24.786, 4468338806211, testhost.dll, Testhost process exiting.
